# JRE version: Java(TM) SE Runtime Environment (22.0.2+9) (build 22.0.2+9-70)
# Java VM: Java HotSpot(TM) 64-Bit Server VM (22.0.2+9-70, mixed mode, sharing, tiered, compressed oops, compressed class ptrs, g1 gc, windows-amd64)
GC Precious Log:
 CardTable entry size: 512
 Card Set container configuration: InlinePtr #cards 4 size 8 Array Of Cards #cards 32 size 80 Howl #buckets 8 coarsen threshold 7372 Howl Bitmap #cards 1024 size 144 coarsen threshold 921 Card regions per heap region 1 cards per card region 8192
 CPUs: 4 total, 4 available
 Memory: 4005M
 Large Page Support: Disabled
 NUMA Support: Disabled
 Compressed Oops: Enabled (Zero based)
 Heap Region Size: 4M
 Heap Min Capacity: 8M
 Heap Initial Capacity: 64M
 Heap Max Capacity: 8G
 Pre-touch: Disabled
 Parallel Workers: 4
 Concurrent Workers: 1
 Concurrent Refinement Workers: 4
 Periodic GC: Disabled
Heap:
 garbage-first heap   total reserved 8388608K, committed 1286144K, used 450066K [0x0000000600000000, 0x0000000800000000)
  region size 4096K, 4 young (16384K), 4 survivors (16384K)
 Metaspace       used 186890K, committed 189888K, reserved 1245184K
  class space    used 23954K, committed 25408K, reserved 1048576K
GC Heap History (20 events):
Event: 519.020 GC heap after
{Heap after GC invocations=118 (full 0):
 garbage-first heap   total reserved 8388608K, committed 1286144K, used 381195K [0x0000000600000000, 0x0000000800000000)
  region size 4096K, 5 young (20480K), 5 survivors (20480K)
 Metaspace       used 166930K, committed 169792K, reserved 1245184K
  class space    used 21720K, committed 23104K, reserved 1048576K
}
Event: 521.174 GC heap before
{Heap before GC invocations=118 (full 0):
 garbage-first heap   total reserved 8388608K, committed 1286144K, used 1138955K [0x0000000600000000, 0x0000000800000000)
  region size 4096K, 188 young (770048K), 5 survivors (20480K)
 Metaspace       used 166930K, committed 169792K, reserved 1245184K
  class space    used 21720K, committed 23104K, reserved 1048576K
}
Event: 521.202 GC heap after
{Heap after GC invocations=119 (full 0):
 garbage-first heap   total reserved 8388608K, committed 1286144K, used 382786K [0x0000000600000000, 0x0000000800000000)
  region size 4096K, 5 young (20480K), 5 survivors (20480K)
 Metaspace       used 166930K, committed 169792K, reserved 1245184K
  class space    used 21720K, committed 23104K, reserved 1048576K
}
Event: 526.588 GC heap before
{Heap before GC invocations=119 (full 0):
 garbage-first heap   total reserved 8388608K, committed 1286144K, used 1161026K [0x0000000600000000, 0x0000000800000000)
  region size 4096K, 188 young (770048K), 5 survivors (20480K)
 Metaspace       used 173137K, committed 175936K, reserved 1245184K
  class space    used 22202K, committed 23552K, reserved 1048576K
}
Event: 526.640 GC heap after
{Heap after GC invocations=120 (full 0):
 garbage-first heap   total reserved 8388608K, committed 1286144K, used 410674K [0x0000000600000000, 0x0000000800000000)
  region size 4096K, 11 young (45056K), 11 survivors (45056K)
 Metaspace       used 173137K, committed 175936K, reserved 1245184K
  class space    used 22202K, committed 23552K, reserved 1048576K
}
Event: 1799.944 GC heap before
{Heap before GC invocations=120 (full 0):
 garbage-first heap   total reserved 8388608K, committed 1286144K, used 1131570K [0x0000000600000000, 0x0000000800000000)
  region size 4096K, 188 young (770048K), 11 survivors (45056K)
 Metaspace       used 185223K, committed 188160K, reserved 1245184K
  class space    used 23932K, committed 25344K, reserved 1048576K
}
Event: 1802.020 GC heap after
{Heap after GC invocations=121 (full 0):
 garbage-first heap   total reserved 8388608K, committed 1286144K, used 420834K [0x0000000600000000, 0x0000000800000000)
  region size 4096K, 15 young (61440K), 15 survivors (61440K)
 Metaspace       used 185223K, committed 188160K, reserved 1245184K
  class space    used 23932K, committed 25344K, reserved 1048576K
}
Event: 1802.109 GC heap before
{Heap before GC invocations=121 (full 0):
 garbage-first heap   total reserved 8388608K, committed 1286144K, used 424930K [0x0000000600000000, 0x0000000800000000)
  region size 4096K, 16 young (65536K), 15 survivors (61440K)
 Metaspace       used 185224K, committed 188160K, reserved 1245184K
  class space    used 23932K, committed 25344K, reserved 1048576K
}
Event: 1802.797 GC heap after
{Heap after GC invocations=122 (full 0):
 garbage-first heap   total reserved 8388608K, committed 1286144K, used 429333K [0x0000000600000000, 0x0000000800000000)
  region size 4096K, 2 young (8192K), 2 survivors (8192K)
 Metaspace       used 185224K, committed 188160K, reserved 1245184K
  class space    used 23932K, committed 25344K, reserved 1048576K
}
Event: 1806.514 GC heap before
{Heap before GC invocations=122 (full 0):
 garbage-first heap   total reserved 8388608K, committed 1286144K, used 486677K [0x0000000600000000, 0x0000000800000000)
  region size 4096K, 17 young (69632K), 2 survivors (8192K)
 Metaspace       used 185410K, committed 188352K, reserved 1245184K
  class space    used 23935K, committed 25344K, reserved 1048576K
}
Event: 1806.588 GC heap after
{Heap after GC invocations=123 (full 0):
 garbage-first heap   total reserved 8388608K, committed 1286144K, used 426449K [0x0000000600000000, 0x0000000800000000)
  region size 4096K, 2 young (8192K), 2 survivors (8192K)
 Metaspace       used 185410K, committed 188352K, reserved 1245184K
  class space    used 23935K, committed 25344K, reserved 1048576K
}
Event: 1816.627 GC heap before
{Heap before GC invocations=124 (full 0):
 garbage-first heap   total reserved 8388608K, committed 1286144K, used 635345K [0x0000000600000000, 0x0000000800000000)
  region size 4096K, 54 young (221184K), 2 survivors (8192K)
 Metaspace       used 185463K, committed 188416K, reserved 1245184K
  class space    used 23935K, committed 25344K, reserved 1048576K
}
Event: 1817.152 GC heap after
{Heap after GC invocations=125 (full 0):
 garbage-first heap   total reserved 8388608K, committed 1286144K, used 458928K [0x0000000600000000, 0x0000000800000000)
  region size 4096K, 7 young (28672K), 7 survivors (28672K)
 Metaspace       used 185463K, committed 188416K, reserved 1245184K
  class space    used 23935K, committed 25344K, reserved 1048576K
}
Event: 1828.577 GC heap before
{Heap before GC invocations=125 (full 0):
 garbage-first heap   total reserved 8388608K, committed 1286144K, used 594096K [0x0000000600000000, 0x0000000800000000)
  region size 4096K, 41 young (167936K), 7 survivors (28672K)
 Metaspace       used 186292K, committed 189248K, reserved 1245184K
  class space    used 23946K, committed 25344K, reserved 1048576K
}
Event: 1828.816 GC heap after
{Heap after GC invocations=126 (full 0):
 garbage-first heap   total reserved 8388608K, committed 1286144K, used 447093K [0x0000000600000000, 0x0000000800000000)
  region size 4096K, 4 young (16384K), 4 survivors (16384K)
 Metaspace       used 186292K, committed 189248K, reserved 1245184K
  class space    used 23946K, committed 25344K, reserved 1048576K
}
Event: 1832.654 GC heap before
{Heap before GC invocations=126 (full 0):
 garbage-first heap   total reserved 8388608K, committed 1286144K, used 643701K [0x0000000600000000, 0x0000000800000000)
  region size 4096K, 48 young (196608K), 4 survivors (16384K)
 Metaspace       used 186429K, committed 189440K, reserved 1245184K
  class space    used 23948K, committed 25408K, reserved 1048576K
}
Event: 1832.945 GC heap after
{Heap after GC invocations=127 (full 0):
 garbage-first heap   total reserved 8388608K, committed 1286144K, used 466197K [0x0000000600000000, 0x0000000800000000)
  region size 4096K, 6 young (24576K), 6 survivors (24576K)
 Metaspace       used 186429K, committed 189440K, reserved 1245184K
  class space    used 23948K, committed 25408K, reserved 1048576K
}
Event: 1833.757 GC heap before
{Heap before GC invocations=127 (full 0):
 garbage-first heap   total reserved 8388608K, committed 1286144K, used 503061K [0x0000000600000000, 0x0000000800000000)
  region size 4096K, 15 young (61440K), 6 survivors (24576K)
 Metaspace       used 186448K, committed 189440K, reserved 1245184K
  class space    used 23948K, committed 25408K, reserved 1048576K
}
Event: 1833.970 GC heap after
{Heap after GC invocations=128 (full 0):
 garbage-first heap   total reserved 8388608K, committed 1286144K, used 456722K [0x0000000600000000, 0x0000000800000000)
  region size 4096K, 2 young (8192K), 2 survivors (8192K)
 Metaspace       used 186448K, committed 189440K, reserved 1245184K
  class space    used 23948K, committed 25408K, reserved 1048576K
}
Event: 1838.443 GC heap before
{Heap before GC invocations=128 (full 0):
 garbage-first heap   total reserved 8388608K, committed 1286144K, used 571410K [0x0000000600000000, 0x0000000800000000)
  region size 4096K, 31 young (126976K), 2 survivors (8192K)
 Metaspace       used 186890K, committed 189888K, reserved 1245184K
  class space    used 23954K, committed 25408K, reserved 1048576K
}

