# JRE version: Java(TM) SE Runtime Environment (22.0.2+9) (build 22.0.2+9-70)
# Java VM: Java HotSpot(TM) 64-Bit Server VM (22.0.2+9-70, mixed mode, sharing, tiered, compressed oops, compressed class ptrs, g1 gc, windows-amd64)
GC Precious Log:
 CardTable entry size: 512
 Card Set container configuration: InlinePtr #cards 4 size 8 Array Of Cards #cards 32 size 80 Howl #buckets 8 coarsen threshold 7372 Howl Bitmap #cards 1024 size 144 coarsen threshold 921 Card regions per heap region 1 cards per card region 8192
 CPUs: 4 total, 4 available
 Memory: 4005M
 Large Page Support: Disabled
 NUMA Support: Disabled
 Compressed Oops: Enabled (Zero based)
 Heap Region Size: 4M
 Heap Min Capacity: 8M
 Heap Initial Capacity: 64M
 Heap Max Capacity: 8G
 Pre-touch: Disabled
 Parallel Workers: 4
 Concurrent Workers: 1
 Concurrent Refinement Workers: 4
 Periodic GC: Disabled
Heap:
 garbage-first heap   total reserved 8388608K, committed 1126400K, used 142022K [0x0000000600000000, 0x0000000800000000)
  region size 4096K, 2 young (8192K), 2 survivors (8192K)
 Metaspace       used 76327K, committed 78464K, reserved 1179648K
  class space    used 11012K, committed 12032K, reserved 1048576K
GC Heap History (20 events):
Event: 73.748 GC heap after
{Heap after GC invocations=58 (full 0):
 garbage-first heap   total reserved 8388608K, committed 606208K, used 126323K [0x0000000600000000, 0x0000000800000000)
  region size 4096K, 2 young (8192K), 2 survivors (8192K)
 Metaspace       used 76103K, committed 78272K, reserved 1179648K
  class space    used 10987K, committed 12032K, reserved 1048576K
}
Event: 79.033 GC heap before
{Heap before GC invocations=58 (full 0):
 garbage-first heap   total reserved 8388608K, committed 606208K, used 474483K [0x0000000600000000, 0x0000000800000000)
  region size 4096K, 88 young (360448K), 2 survivors (8192K)
 Metaspace       used 76260K, committed 78400K, reserved 1179648K
  class space    used 11010K, committed 12032K, reserved 1048576K
}
Event: 79.122 GC heap after
{Heap after GC invocations=59 (full 0):
 garbage-first heap   total reserved 8388608K, committed 606208K, used 129763K [0x0000000600000000, 0x0000000800000000)
  region size 4096K, 3 young (12288K), 3 survivors (12288K)
 Metaspace       used 76260K, committed 78400K, reserved 1179648K
  class space    used 11010K, committed 12032K, reserved 1048576K
}
Event: 82.996 GC heap before
{Heap before GC invocations=59 (full 0):
 garbage-first heap   total reserved 8388608K, committed 606208K, used 477923K [0x0000000600000000, 0x0000000800000000)
  region size 4096K, 88 young (360448K), 3 survivors (12288K)
 Metaspace       used 76313K, committed 78464K, reserved 1179648K
  class space    used 11011K, committed 12032K, reserved 1048576K
}
Event: 83.500 GC heap after
{Heap after GC invocations=60 (full 0):
 garbage-first heap   total reserved 8388608K, committed 606208K, used 133987K [0x0000000600000000, 0x0000000800000000)
  region size 4096K, 4 young (16384K), 4 survivors (16384K)
 Metaspace       used 76313K, committed 78464K, reserved 1179648K
  class space    used 11011K, committed 12032K, reserved 1048576K
}
Event: 83.845 GC heap before
{Heap before GC invocations=60 (full 0):
 garbage-first heap   total reserved 8388608K, committed 606208K, used 146275K [0x0000000600000000, 0x0000000800000000)
  region size 4096K, 7 young (28672K), 4 survivors (16384K)
 Metaspace       used 76313K, committed 78464K, reserved 1179648K
  class space    used 11011K, committed 12032K, reserved 1048576K
}
Event: 83.902 GC heap after
{Heap after GC invocations=61 (full 0):
 garbage-first heap   total reserved 8388608K, committed 606208K, used 135021K [0x0000000600000000, 0x0000000800000000)
  region size 4096K, 1 young (4096K), 1 survivors (4096K)
 Metaspace       used 76313K, committed 78464K, reserved 1179648K
  class space    used 11011K, committed 12032K, reserved 1048576K
}
Event: 88.697 GC heap before
{Heap before GC invocations=61 (full 0):
 garbage-first heap   total reserved 8388608K, committed 606208K, used 487277K [0x0000000600000000, 0x0000000800000000)
  region size 4096K, 88 young (360448K), 1 survivors (4096K)
 Metaspace       used 76321K, committed 78464K, reserved 1179648K
  class space    used 11011K, committed 12032K, reserved 1048576K
}
Event: 90.832 GC heap after
{Heap after GC invocations=62 (full 0):
 garbage-first heap   total reserved 8388608K, committed 1126400K, used 137004K [0x0000000600000000, 0x0000000800000000)
  region size 4096K, 2 young (8192K), 2 survivors (8192K)
 Metaspace       used 76321K, committed 78464K, reserved 1179648K
  class space    used 11011K, committed 12032K, reserved 1048576K
}
Event: 95.754 GC heap before
{Heap before GC invocations=62 (full 0):
 garbage-first heap   total reserved 8388608K, committed 1126400K, used 182060K [0x0000000600000000, 0x0000000800000000)
  region size 4096K, 13 young (53248K), 2 survivors (8192K)
 Metaspace       used 76327K, committed 78464K, reserved 1179648K
  class space    used 11012K, committed 12032K, reserved 1048576K
}
Event: 95.768 GC heap after
{Heap after GC invocations=63 (full 0):
 garbage-first heap   total reserved 8388608K, committed 1126400K, used 137976K [0x0000000600000000, 0x0000000800000000)
  region size 4096K, 2 young (8192K), 2 survivors (8192K)
 Metaspace       used 76327K, committed 78464K, reserved 1179648K
  class space    used 11012K, committed 12032K, reserved 1048576K
}
Event: 95.895 GC heap before
{Heap before GC invocations=63 (full 0):
 garbage-first heap   total reserved 8388608K, committed 1126400K, used 183032K [0x0000000600000000, 0x0000000800000000)
  region size 4096K, 13 young (53248K), 2 survivors (8192K)
 Metaspace       used 76327K, committed 78464K, reserved 1179648K
  class space    used 11012K, committed 12032K, reserved 1048576K
}
Event: 95.917 GC heap after
{Heap after GC invocations=64 (full 0):
 garbage-first heap   total reserved 8388608K, committed 1126400K, used 138788K [0x0000000600000000, 0x0000000800000000)
  region size 4096K, 1 young (4096K), 1 survivors (4096K)
 Metaspace       used 76327K, committed 78464K, reserved 1179648K
  class space    used 11012K, committed 12032K, reserved 1048576K
}
Event: 96.062 GC heap before
{Heap before GC invocations=64 (full 0):
 garbage-first heap   total reserved 8388608K, committed 1126400K, used 187940K [0x0000000600000000, 0x0000000800000000)
  region size 4096K, 13 young (53248K), 1 survivors (4096K)
 Metaspace       used 76327K, committed 78464K, reserved 1179648K
  class space    used 11012K, committed 12032K, reserved 1048576K
}
Event: 96.067 GC heap after
{Heap after GC invocations=65 (full 0):
 garbage-first heap   total reserved 8388608K, committed 1126400K, used 139048K [0x0000000600000000, 0x0000000800000000)
  region size 4096K, 1 young (4096K), 1 survivors (4096K)
 Metaspace       used 76327K, committed 78464K, reserved 1179648K
  class space    used 11012K, committed 12032K, reserved 1048576K
}
Event: 98.436 GC heap before
{Heap before GC invocations=65 (full 0):
 garbage-first heap   total reserved 8388608K, committed 1126400K, used 188200K [0x0000000600000000, 0x0000000800000000)
  region size 4096K, 13 young (53248K), 1 survivors (4096K)
 Metaspace       used 76327K, committed 78464K, reserved 1179648K
  class space    used 11012K, committed 12032K, reserved 1048576K
}
Event: 98.442 GC heap after
{Heap after GC invocations=66 (full 0):
 garbage-first heap   total reserved 8388608K, committed 1126400K, used 140106K [0x0000000600000000, 0x0000000800000000)
  region size 4096K, 1 young (4096K), 1 survivors (4096K)
 Metaspace       used 76327K, committed 78464K, reserved 1179648K
  class space    used 11012K, committed 12032K, reserved 1048576K
}
Event: 98.554 GC heap before
{Heap before GC invocations=66 (full 0):
 garbage-first heap   total reserved 8388608K, committed 1126400K, used 189258K [0x0000000600000000, 0x0000000800000000)
  region size 4096K, 13 young (53248K), 1 survivors (4096K)
 Metaspace       used 76327K, committed 78464K, reserved 1179648K
  class space    used 11012K, committed 12032K, reserved 1048576K
}
Event: 98.561 GC heap after
{Heap after GC invocations=67 (full 0):
 garbage-first heap   total reserved 8388608K, committed 1126400K, used 140900K [0x0000000600000000, 0x0000000800000000)
  region size 4096K, 1 young (4096K), 1 survivors (4096K)
 Metaspace       used 76327K, committed 78464K, reserved 1179648K
  class space    used 11012K, committed 12032K, reserved 1048576K
}
Event: 98.684 GC heap before
{Heap before GC invocations=67 (full 0):
 garbage-first heap   total reserved 8388608K, committed 1126400K, used 190052K [0x0000000600000000, 0x0000000800000000)
  region size 4096K, 13 young (53248K), 1 survivors (4096K)
 Metaspace       used 76327K, committed 78464K, reserved 1179648K
  class space    used 11012K, committed 12032K, reserved 1048576K
}

