# JRE version: Java(TM) SE Runtime Environment (22.0.2+9) (build 22.0.2+9-70)
# Java VM: Java HotSpot(TM) 64-Bit Server VM (22.0.2+9-70, mixed mode, sharing, tiered, compressed oops, compressed class ptrs, g1 gc, windows-amd64)
GC Precious Log:
 CardTable entry size: 512
 Card Set container configuration: InlinePtr #cards 4 size 8 Array Of Cards #cards 32 size 80 Howl #buckets 8 coarsen threshold 7372 Howl Bitmap #cards 1024 size 144 coarsen threshold 921 Card regions per heap region 1 cards per card region 8192
 CPUs: 4 total, 4 available
 Memory: 4005M
 Large Page Support: Disabled
 NUMA Support: Disabled
 Compressed Oops: Enabled (Zero based)
 Heap Region Size: 4M
 Heap Min Capacity: 8M
 Heap Initial Capacity: 64M
 Heap Max Capacity: 8G
 Pre-touch: Disabled
 Parallel Workers: 4
 Concurrent Workers: 1
 Concurrent Refinement Workers: 4
 Periodic GC: Disabled
Heap:
 garbage-first heap   total reserved 8388608K, committed 200704K, used 126976K [0x0000000600000000, 0x0000000800000000)
  region size 4096K, 5 young (20480K), 2 survivors (8192K)
 Metaspace       used 91996K, committed 94336K, reserved 1179648K
  class space    used 13077K, committed 14144K, reserved 1048576K
GC Heap History (20 events):
Event: 64.899 GC heap before
{Heap before GC invocations=42 (full 0):
 garbage-first heap   total reserved 8388608K, committed 139264K, used 114344K [0x0000000600000000, 0x0000000800000000)
  region size 4096K, 11 young (45056K), 1 survivors (4096K)
 Metaspace       used 79467K, committed 81600K, reserved 1179648K
  class space    used 11468K, committed 12480K, reserved 1048576K
}
Event: 64.909 GC heap after
{Heap after GC invocations=43 (full 0):
 garbage-first heap   total reserved 8388608K, committed 139264K, used 78915K [0x0000000600000000, 0x0000000800000000)
  region size 4096K, 1 young (4096K), 1 survivors (4096K)
 Metaspace       used 79467K, committed 81600K, reserved 1179648K
  class space    used 11468K, committed 12480K, reserved 1048576K
}
Event: 67.425 GC heap before
{Heap before GC invocations=44 (full 0):
 garbage-first heap   total reserved 8388608K, committed 139264K, used 119875K [0x0000000600000000, 0x0000000800000000)
  region size 4096K, 11 young (45056K), 1 survivors (4096K)
 Metaspace       used 79477K, committed 81600K, reserved 1179648K
  class space    used 11468K, committed 12480K, reserved 1048576K
}
Event: 67.437 GC heap after
{Heap after GC invocations=45 (full 0):
 garbage-first heap   total reserved 8388608K, committed 139264K, used 80545K [0x0000000600000000, 0x0000000800000000)
  region size 4096K, 2 young (8192K), 2 survivors (8192K)
 Metaspace       used 79477K, committed 81600K, reserved 1179648K
  class space    used 11468K, committed 12480K, reserved 1048576K
}
Event: 68.240 GC heap before
{Heap before GC invocations=45 (full 0):
 garbage-first heap   total reserved 8388608K, committed 139264K, used 113313K [0x0000000600000000, 0x0000000800000000)
  region size 4096K, 10 young (40960K), 2 survivors (8192K)
 Metaspace       used 79479K, committed 81600K, reserved 1179648K
  class space    used 11469K, committed 12480K, reserved 1048576K
}
Event: 68.254 GC heap after
{Heap after GC invocations=46 (full 0):
 garbage-first heap   total reserved 8388608K, committed 139264K, used 81541K [0x0000000600000000, 0x0000000800000000)
  region size 4096K, 2 young (8192K), 2 survivors (8192K)
 Metaspace       used 79479K, committed 81600K, reserved 1179648K
  class space    used 11469K, committed 12480K, reserved 1048576K
}
Event: 68.946 GC heap before
{Heap before GC invocations=47 (full 0):
 garbage-first heap   total reserved 8388608K, committed 143360K, used 89733K [0x0000000600000000, 0x0000000800000000)
  region size 4096K, 6 young (24576K), 2 survivors (8192K)
 Metaspace       used 79514K, committed 81792K, reserved 1179648K
  class space    used 11470K, committed 12544K, reserved 1048576K
}
Event: 68.960 GC heap after
{Heap after GC invocations=48 (full 0):
 garbage-first heap   total reserved 8388608K, committed 143360K, used 88649K [0x0000000600000000, 0x0000000800000000)
  region size 4096K, 2 young (8192K), 2 survivors (8192K)
 Metaspace       used 79514K, committed 81792K, reserved 1179648K
  class space    used 11470K, committed 12544K, reserved 1048576K
}
Event: 70.693 GC heap before
{Heap before GC invocations=49 (full 0):
 garbage-first heap   total reserved 8388608K, committed 159744K, used 121417K [0x0000000600000000, 0x0000000800000000)
  region size 4096K, 10 young (40960K), 2 survivors (8192K)
 Metaspace       used 80502K, committed 82752K, reserved 1179648K
  class space    used 11623K, committed 12672K, reserved 1048576K
}
Event: 70.706 GC heap after
{Heap after GC invocations=50 (full 0):
 garbage-first heap   total reserved 8388608K, committed 159744K, used 101068K [0x0000000600000000, 0x0000000800000000)
  region size 4096K, 2 young (8192K), 2 survivors (8192K)
 Metaspace       used 80502K, committed 82752K, reserved 1179648K
  class space    used 11623K, committed 12672K, reserved 1048576K
}
Event: 72.286 GC heap before
{Heap before GC invocations=50 (full 0):
 garbage-first heap   total reserved 8388608K, committed 159744K, used 137932K [0x0000000600000000, 0x0000000800000000)
  region size 4096K, 11 young (45056K), 2 survivors (8192K)
 Metaspace       used 83543K, committed 85760K, reserved 1179648K
  class space    used 11930K, committed 12992K, reserved 1048576K
}
Event: 72.303 GC heap after
{Heap after GC invocations=51 (full 0):
 garbage-first heap   total reserved 8388608K, committed 159744K, used 102862K [0x0000000600000000, 0x0000000800000000)
  region size 4096K, 1 young (4096K), 1 survivors (4096K)
 Metaspace       used 83543K, committed 85760K, reserved 1179648K
  class space    used 11930K, committed 12992K, reserved 1048576K
}
Event: 73.437 GC heap before
{Heap before GC invocations=51 (full 0):
 garbage-first heap   total reserved 8388608K, committed 159744K, used 135630K [0x0000000600000000, 0x0000000800000000)
  region size 4096K, 10 young (40960K), 1 survivors (4096K)
 Metaspace       used 85062K, committed 87296K, reserved 1179648K
  class space    used 12135K, committed 13184K, reserved 1048576K
}
Event: 73.451 GC heap after
{Heap after GC invocations=52 (full 0):
 garbage-first heap   total reserved 8388608K, committed 159744K, used 107183K [0x0000000600000000, 0x0000000800000000)
  region size 4096K, 2 young (8192K), 2 survivors (8192K)
 Metaspace       used 85062K, committed 87296K, reserved 1179648K
  class space    used 12135K, committed 13184K, reserved 1048576K
}
Event: 74.429 GC heap before
{Heap before GC invocations=53 (full 0):
 garbage-first heap   total reserved 8388608K, committed 184320K, used 135855K [0x0000000600000000, 0x0000000800000000)
  region size 4096K, 9 young (36864K), 2 survivors (8192K)
 Metaspace       used 87023K, committed 89280K, reserved 1179648K
  class space    used 12414K, committed 13440K, reserved 1048576K
}
Event: 74.439 GC heap after
{Heap after GC invocations=54 (full 0):
 garbage-first heap   total reserved 8388608K, committed 184320K, used 108944K [0x0000000600000000, 0x0000000800000000)
  region size 4096K, 1 young (4096K), 1 survivors (4096K)
 Metaspace       used 87023K, committed 89280K, reserved 1179648K
  class space    used 12414K, committed 13440K, reserved 1048576K
}
Event: 77.449 GC heap before
{Heap before GC invocations=54 (full 0):
 garbage-first heap   total reserved 8388608K, committed 184320K, used 158096K [0x0000000600000000, 0x0000000800000000)
  region size 4096K, 13 young (53248K), 1 survivors (4096K)
 Metaspace       used 90620K, committed 92864K, reserved 1179648K
  class space    used 12884K, committed 13952K, reserved 1048576K
}
Event: 77.462 GC heap after
{Heap after GC invocations=55 (full 0):
 garbage-first heap   total reserved 8388608K, committed 184320K, used 114655K [0x0000000600000000, 0x0000000800000000)
  region size 4096K, 1 young (4096K), 1 survivors (4096K)
 Metaspace       used 90620K, committed 92864K, reserved 1179648K
  class space    used 12884K, committed 13952K, reserved 1048576K
}
Event: 82.763 GC heap before
{Heap before GC invocations=55 (full 0):
 garbage-first heap   total reserved 8388608K, committed 184320K, used 163807K [0x0000000600000000, 0x0000000800000000)
  region size 4096K, 13 young (53248K), 1 survivors (4096K)
 Metaspace       used 91912K, committed 94272K, reserved 1179648K
  class space    used 13063K, committed 14144K, reserved 1048576K
}
Event: 82.787 GC heap after
{Heap after GC invocations=56 (full 0):
 garbage-first heap   total reserved 8388608K, committed 184320K, used 118784K [0x0000000600000000, 0x0000000800000000)
  region size 4096K, 2 young (8192K), 2 survivors (8192K)
 Metaspace       used 91912K, committed 94272K, reserved 1179648K
  class space    used 13063K, committed 14144K, reserved 1048576K
}

