# JRE version: Java(TM) SE Runtime Environment (22.0.2+9) (build 22.0.2+9-70)
# Java VM: Java HotSpot(TM) 64-Bit Server VM (22.0.2+9-70, mixed mode, sharing, tiered, compressed oops, compressed class ptrs, g1 gc, windows-amd64)
GC Precious Log:
 CardTable entry size: 512
 Card Set container configuration: InlinePtr #cards 4 size 8 Array Of Cards #cards 32 size 80 Howl #buckets 8 coarsen threshold 7372 Howl Bitmap #cards 1024 size 144 coarsen threshold 921 Card regions per heap region 1 cards per card region 8192
 CPUs: 4 total, 4 available
 Memory: 4005M
 Large Page Support: Disabled
 NUMA Support: Disabled
 Compressed Oops: Enabled (Zero based)
 Heap Region Size: 4M
 Heap Min Capacity: 8M
 Heap Initial Capacity: 64M
 Heap Max Capacity: 8G
 Pre-touch: Disabled
 Parallel Workers: 4
 Concurrent Workers: 1
 Concurrent Refinement Workers: 4
 Periodic GC: Disabled
Heap:
 garbage-first heap   total reserved 8388608K, committed 389120K, used 245718K [0x0000000600000000, 0x0000000800000000)
  region size 4096K, 6 young (24576K), 3 survivors (12288K)
 Metaspace       used 176601K, committed 179648K, reserved 1245184K
  class space    used 24055K, committed 25472K, reserved 1048576K
GC Heap History (20 events):
Event: 91.925 GC heap before
{Heap before GC invocations=69 (full 0):
 garbage-first heap   total reserved 8388608K, committed 266240K, used 229161K [0x0000000600000000, 0x0000000800000000)
  region size 4096K, 21 young (86016K), 3 survivors (12288K)
 Metaspace       used 117942K, committed 120576K, reserved 1179648K
  class space    used 17134K, committed 18368K, reserved 1048576K
}
Event: 91.949 GC heap after
{Heap after GC invocations=70 (full 0):
 garbage-first heap   total reserved 8388608K, committed 266240K, used 165326K [0x0000000600000000, 0x0000000800000000)
  region size 4096K, 3 young (12288K), 3 survivors (12288K)
 Metaspace       used 117942K, committed 120576K, reserved 1179648K
  class space    used 17134K, committed 18368K, reserved 1048576K
}
Event: 93.514 GC heap before
{Heap before GC invocations=71 (full 0):
 garbage-first heap   total reserved 8388608K, committed 282624K, used 234958K [0x0000000600000000, 0x0000000800000000)
  region size 4096K, 20 young (81920K), 3 survivors (12288K)
 Metaspace       used 118179K, committed 120768K, reserved 1179648K
  class space    used 17167K, committed 18368K, reserved 1048576K
}
Event: 93.536 GC heap after
{Heap after GC invocations=72 (full 0):
 garbage-first heap   total reserved 8388608K, committed 282624K, used 170065K [0x0000000600000000, 0x0000000800000000)
  region size 4096K, 3 young (12288K), 3 survivors (12288K)
 Metaspace       used 118179K, committed 120768K, reserved 1179648K
  class space    used 17167K, committed 18368K, reserved 1048576K
}
Event: 97.039 GC heap before
{Heap before GC invocations=72 (full 0):
 garbage-first heap   total reserved 8388608K, committed 282624K, used 256081K [0x0000000600000000, 0x0000000800000000)
  region size 4096K, 22 young (90112K), 3 survivors (12288K)
 Metaspace       used 127677K, committed 130304K, reserved 1179648K
  class space    used 18371K, committed 19584K, reserved 1048576K
}
Event: 97.069 GC heap after
{Heap after GC invocations=73 (full 0):
 garbage-first heap   total reserved 8388608K, committed 282624K, used 181232K [0x0000000600000000, 0x0000000800000000)
  region size 4096K, 3 young (12288K), 3 survivors (12288K)
 Metaspace       used 127677K, committed 130304K, reserved 1179648K
  class space    used 18371K, committed 19584K, reserved 1048576K
}
Event: 98.909 GC heap before
{Heap before GC invocations=73 (full 0):
 garbage-first heap   total reserved 8388608K, committed 282624K, used 250864K [0x0000000600000000, 0x0000000800000000)
  region size 4096K, 20 young (81920K), 3 survivors (12288K)
 Metaspace       used 127805K, committed 130432K, reserved 1179648K
  class space    used 18375K, committed 19584K, reserved 1048576K
}
Event: 98.976 GC heap after
{Heap after GC invocations=74 (full 0):
 garbage-first heap   total reserved 8388608K, committed 282624K, used 192512K [0x0000000600000000, 0x0000000800000000)
  region size 4096K, 3 young (12288K), 3 survivors (12288K)
 Metaspace       used 127805K, committed 130432K, reserved 1179648K
  class space    used 18375K, committed 19584K, reserved 1048576K
}
Event: 105.838 GC heap before
{Heap before GC invocations=75 (full 0):
 garbage-first heap   total reserved 8388608K, committed 323584K, used 258048K [0x0000000600000000, 0x0000000800000000)
  region size 4096K, 17 young (69632K), 3 survivors (12288K)
 Metaspace       used 132053K, committed 134656K, reserved 1179648K
  class space    used 18870K, committed 20096K, reserved 1048576K
}
Event: 105.984 GC heap after
{Heap after GC invocations=76 (full 0):
 garbage-first heap   total reserved 8388608K, committed 323584K, used 210873K [0x0000000600000000, 0x0000000800000000)
  region size 4096K, 3 young (12288K), 3 survivors (12288K)
 Metaspace       used 132053K, committed 134656K, reserved 1179648K
  class space    used 18870K, committed 20096K, reserved 1048576K
}
Event: 110.695 GC heap before
{Heap before GC invocations=76 (full 0):
 garbage-first heap   total reserved 8388608K, committed 323584K, used 284601K [0x0000000600000000, 0x0000000800000000)
  region size 4096K, 21 young (86016K), 3 survivors (12288K)
 Metaspace       used 138813K, committed 141696K, reserved 1179648K
  class space    used 19566K, committed 20928K, reserved 1048576K
}
Event: 110.772 GC heap after
{Heap after GC invocations=77 (full 0):
 garbage-first heap   total reserved 8388608K, committed 323584K, used 215460K [0x0000000600000000, 0x0000000800000000)
  region size 4096K, 2 young (8192K), 2 survivors (8192K)
 Metaspace       used 138813K, committed 141696K, reserved 1179648K
  class space    used 19566K, committed 20928K, reserved 1048576K
}
Event: 116.824 GC heap before
{Heap before GC invocations=77 (full 0):
 garbage-first heap   total reserved 8388608K, committed 323584K, used 285092K [0x0000000600000000, 0x0000000800000000)
  region size 4096K, 20 young (81920K), 2 survivors (8192K)
 Metaspace       used 146248K, committed 149248K, reserved 1179648K
  class space    used 20523K, committed 21952K, reserved 1048576K
}
Event: 116.848 GC heap after
{Heap after GC invocations=78 (full 0):
 garbage-first heap   total reserved 8388608K, committed 389120K, used 221801K [0x0000000600000000, 0x0000000800000000)
  region size 4096K, 3 young (12288K), 3 survivors (12288K)
 Metaspace       used 146248K, committed 149248K, reserved 1179648K
  class space    used 20523K, committed 21952K, reserved 1048576K
}
Event: 122.067 GC heap before
{Heap before GC invocations=79 (full 0):
 garbage-first heap   total reserved 8388608K, committed 389120K, used 336489K [0x0000000600000000, 0x0000000800000000)
  region size 4096K, 31 young (126976K), 3 survivors (12288K)
 Metaspace       used 150600K, committed 153536K, reserved 1245184K
  class space    used 21019K, committed 22400K, reserved 1048576K
}
Event: 122.098 GC heap after
{Heap after GC invocations=80 (full 0):
 garbage-first heap   total reserved 8388608K, committed 389120K, used 230665K [0x0000000600000000, 0x0000000800000000)
  region size 4096K, 4 young (16384K), 4 survivors (16384K)
 Metaspace       used 150600K, committed 153536K, reserved 1245184K
  class space    used 21019K, committed 22400K, reserved 1048576K
}
Event: 126.488 GC heap before
{Heap before GC invocations=80 (full 0):
 garbage-first heap   total reserved 8388608K, committed 389120K, used 345353K [0x0000000600000000, 0x0000000800000000)
  region size 4096K, 32 young (131072K), 4 survivors (16384K)
 Metaspace       used 163488K, committed 166400K, reserved 1245184K
  class space    used 22345K, committed 23744K, reserved 1048576K
}
Event: 126.565 GC heap after
{Heap after GC invocations=81 (full 0):
 garbage-first heap   total reserved 8388608K, committed 389120K, used 235550K [0x0000000600000000, 0x0000000800000000)
  region size 4096K, 2 young (8192K), 2 survivors (8192K)
 Metaspace       used 163488K, committed 166400K, reserved 1245184K
  class space    used 22345K, committed 23744K, reserved 1048576K
}
Event: 136.103 GC heap before
{Heap before GC invocations=81 (full 0):
 garbage-first heap   total reserved 8388608K, committed 389120K, used 350238K [0x0000000600000000, 0x0000000800000000)
  region size 4096K, 30 young (122880K), 2 survivors (8192K)
 Metaspace       used 175935K, committed 179008K, reserved 1245184K
  class space    used 23946K, committed 25408K, reserved 1048576K
}
Event: 136.139 GC heap after
{Heap after GC invocations=82 (full 0):
 garbage-first heap   total reserved 8388608K, committed 389120K, used 237526K [0x0000000600000000, 0x0000000800000000)
  region size 4096K, 3 young (12288K), 3 survivors (12288K)
 Metaspace       used 175935K, committed 179008K, reserved 1245184K
  class space    used 23946K, committed 25408K, reserved 1048576K
}

