# JRE version: Java(TM) SE Runtime Environment (22.0.2+9) (build 22.0.2+9-70)
# Java VM: Java HotSpot(TM) 64-Bit Server VM (22.0.2+9-70, mixed mode, sharing, tiered, compressed oops, compressed class ptrs, g1 gc, windows-amd64)
GC Precious Log:
 CardTable entry size: 512
 Card Set container configuration: InlinePtr #cards 4 size 8 Array Of Cards #cards 32 size 80 Howl #buckets 8 coarsen threshold 7372 Howl Bitmap #cards 1024 size 144 coarsen threshold 921 Card regions per heap region 1 cards per card region 8192
 CPUs: 4 total, 4 available
 Memory: 4005M
 Large Page Support: Disabled
 NUMA Support: Disabled
 Compressed Oops: Enabled (Zero based)
 Heap Region Size: 4M
 Heap Min Capacity: 8M
 Heap Initial Capacity: 64M
 Heap Max Capacity: 8G
 Pre-touch: Disabled
 Parallel Workers: 4
 Concurrent Workers: 1
 Concurrent Refinement Workers: 4
 Periodic GC: Disabled
Heap:
 garbage-first heap   total reserved 8388608K, committed 638976K, used 223898K [0x0000000600000000, 0x0000000800000000)
  region size 4096K, 4 young (16384K), 4 survivors (16384K)
 Metaspace       used 155336K, committed 157952K, reserved 1245184K
  class space    used 20254K, committed 21504K, reserved 1048576K
GC Heap History (20 events):
Event: 591.526 GC heap after
{Heap after GC invocations=109 (full 0):
 garbage-first heap   total reserved 8388608K, committed 520192K, used 164570K [0x0000000600000000, 0x0000000800000000)
  region size 4096K, 4 young (16384K), 4 survivors (16384K)
 Metaspace       used 145432K, committed 147904K, reserved 1179648K
  class space    used 19039K, committed 20224K, reserved 1048576K
}
Event: 594.389 GC heap before
{Heap before GC invocations=109 (full 0):
 garbage-first heap   total reserved 8388608K, committed 520192K, used 459482K [0x0000000600000000, 0x0000000800000000)
  region size 4096K, 76 young (311296K), 4 survivors (16384K)
 Metaspace       used 145432K, committed 147904K, reserved 1179648K
  class space    used 19039K, committed 20224K, reserved 1048576K
}
Event: 594.410 GC heap after
{Heap after GC invocations=110 (full 0):
 garbage-first heap   total reserved 8388608K, committed 520192K, used 164766K [0x0000000600000000, 0x0000000800000000)
  region size 4096K, 4 young (16384K), 4 survivors (16384K)
 Metaspace       used 145432K, committed 147904K, reserved 1179648K
  class space    used 19039K, committed 20224K, reserved 1048576K
}
Event: 597.611 GC heap before
{Heap before GC invocations=111 (full 0):
 garbage-first heap   total reserved 8388608K, committed 520192K, used 459678K [0x0000000600000000, 0x0000000800000000)
  region size 4096K, 76 young (311296K), 4 survivors (16384K)
 Metaspace       used 145433K, committed 147904K, reserved 1179648K
  class space    used 19039K, committed 20224K, reserved 1048576K
}
Event: 597.626 GC heap after
{Heap after GC invocations=112 (full 0):
 garbage-first heap   total reserved 8388608K, committed 520192K, used 162672K [0x0000000600000000, 0x0000000800000000)
  region size 4096K, 3 young (12288K), 3 survivors (12288K)
 Metaspace       used 145433K, committed 147904K, reserved 1179648K
  class space    used 19039K, committed 20224K, reserved 1048576K
}
Event: 634.276 GC heap before
{Heap before GC invocations=112 (full 0):
 garbage-first heap   total reserved 8388608K, committed 520192K, used 461680K [0x0000000600000000, 0x0000000800000000)
  region size 4096K, 76 young (311296K), 3 survivors (12288K)
 Metaspace       used 152181K, committed 154752K, reserved 1245184K
  class space    used 19972K, committed 21184K, reserved 1048576K
}
Event: 634.812 GC heap after
{Heap after GC invocations=113 (full 0):
 garbage-first heap   total reserved 8388608K, committed 520192K, used 166476K [0x0000000600000000, 0x0000000800000000)
  region size 4096K, 7 young (28672K), 7 survivors (28672K)
 Metaspace       used 152181K, committed 154752K, reserved 1245184K
  class space    used 19972K, committed 21184K, reserved 1048576K
}
Event: 648.329 GC heap before
{Heap before GC invocations=113 (full 0):
 garbage-first heap   total reserved 8388608K, committed 520192K, used 207436K [0x0000000600000000, 0x0000000800000000)
  region size 4096K, 18 young (73728K), 7 survivors (28672K)
 Metaspace       used 152245K, committed 154880K, reserved 1245184K
  class space    used 19981K, committed 21248K, reserved 1048576K
}
Event: 648.488 GC heap after
{Heap after GC invocations=114 (full 0):
 garbage-first heap   total reserved 8388608K, committed 626688K, used 167096K [0x0000000600000000, 0x0000000800000000)
  region size 4096K, 4 young (16384K), 4 survivors (16384K)
 Metaspace       used 152245K, committed 154880K, reserved 1245184K
  class space    used 19981K, committed 21248K, reserved 1048576K
}
Event: 658.623 GC heap before
{Heap before GC invocations=115 (full 0):
 garbage-first heap   total reserved 8388608K, committed 589824K, used 507064K [0x0000000600000000, 0x0000000800000000)
  region size 4096K, 86 young (352256K), 4 survivors (16384K)
 Metaspace       used 154263K, committed 156800K, reserved 1245184K
  class space    used 20171K, committed 21376K, reserved 1048576K
}
Event: 659.032 GC heap after
{Heap after GC invocations=116 (full 0):
 garbage-first heap   total reserved 8388608K, committed 589824K, used 204481K [0x0000000600000000, 0x0000000800000000)
  region size 4096K, 11 young (45056K), 11 survivors (45056K)
 Metaspace       used 154263K, committed 156800K, reserved 1245184K
  class space    used 20171K, committed 21376K, reserved 1048576K
}
Event: 659.081 GC heap before
{Heap before GC invocations=116 (full 0):
 garbage-first heap   total reserved 8388608K, committed 589824K, used 208577K [0x0000000600000000, 0x0000000800000000)
  region size 4096K, 12 young (49152K), 11 survivors (45056K)
 Metaspace       used 154263K, committed 156800K, reserved 1245184K
  class space    used 20171K, committed 21376K, reserved 1048576K
}
Event: 659.385 GC heap after
{Heap after GC invocations=117 (full 0):
 garbage-first heap   total reserved 8388608K, committed 589824K, used 209403K [0x0000000600000000, 0x0000000800000000)
  region size 4096K, 2 young (8192K), 2 survivors (8192K)
 Metaspace       used 154263K, committed 156800K, reserved 1245184K
  class space    used 20171K, committed 21376K, reserved 1048576K
}
Event: 668.525 GC heap before
{Heap before GC invocations=117 (full 0):
 garbage-first heap   total reserved 8388608K, committed 589824K, used 528891K [0x0000000600000000, 0x0000000800000000)
  region size 4096K, 81 young (331776K), 2 survivors (8192K)
 Metaspace       used 155273K, committed 157888K, reserved 1245184K
  class space    used 20252K, committed 21504K, reserved 1048576K
}
Event: 668.611 GC heap after
{Heap after GC invocations=118 (full 0):
 garbage-first heap   total reserved 8388608K, committed 589824K, used 208038K [0x0000000600000000, 0x0000000800000000)
  region size 4096K, 2 young (8192K), 2 survivors (8192K)
 Metaspace       used 155273K, committed 157888K, reserved 1245184K
  class space    used 20252K, committed 21504K, reserved 1048576K
}
Event: 674.877 GC heap before
{Heap before GC invocations=119 (full 0):
 garbage-first heap   total reserved 8388608K, committed 589824K, used 490662K [0x0000000600000000, 0x0000000800000000)
  region size 4096K, 72 young (294912K), 2 survivors (8192K)
 Metaspace       used 155309K, committed 157888K, reserved 1245184K
  class space    used 20254K, committed 21504K, reserved 1048576K
}
Event: 674.929 GC heap after
{Heap after GC invocations=120 (full 0):
 garbage-first heap   total reserved 8388608K, committed 589824K, used 210724K [0x0000000600000000, 0x0000000800000000)
  region size 4096K, 2 young (8192K), 2 survivors (8192K)
 Metaspace       used 155309K, committed 157888K, reserved 1245184K
  class space    used 20254K, committed 21504K, reserved 1048576K
}
Event: 677.438 GC heap before
{Heap before GC invocations=120 (full 0):
 garbage-first heap   total reserved 8388608K, committed 589824K, used 530212K [0x0000000600000000, 0x0000000800000000)
  region size 4096K, 81 young (331776K), 2 survivors (8192K)
 Metaspace       used 155331K, committed 157952K, reserved 1245184K
  class space    used 20254K, committed 21504K, reserved 1048576K
}
Event: 677.498 GC heap after
{Heap after GC invocations=121 (full 0):
 garbage-first heap   total reserved 8388608K, committed 589824K, used 214510K [0x0000000600000000, 0x0000000800000000)
  region size 4096K, 3 young (12288K), 3 survivors (12288K)
 Metaspace       used 155331K, committed 157952K, reserved 1245184K
  class space    used 20254K, committed 21504K, reserved 1048576K
}
Event: 679.172 GC heap before
{Heap before GC invocations=121 (full 0):
 garbage-first heap   total reserved 8388608K, committed 589824K, used 542190K [0x0000000600000000, 0x0000000800000000)
  region size 4096K, 83 young (339968K), 3 survivors (12288K)
 Metaspace       used 155336K, committed 157952K, reserved 1245184K
  class space    used 20254K, committed 21504K, reserved 1048576K
}

